2024-03-23T18:58:41.628+05:30  INFO 3272 --- [restartedMain] com.truYum.app.TruYumApplication         : Starting TruYumApplication using Java 17.0.9 with PID 3272 (C:\Personal Project\Java Backedn With React\truYum\target\classes started by avijit.rana in C:\Personal Project\Java Backedn With React\truYum)
2024-03-23T18:58:41.636+05:30  INFO 3272 --- [restartedMain] com.truYum.app.TruYumApplication         : No active profile set, falling back to 1 default profile: "default"
2024-03-23T18:58:41.705+05:30  INFO 3272 --- [restartedMain] .e.DevToolsPropertyDefaultsPostProcessor : Devtools property defaults active! Set 'spring.devtools.add-properties' to 'false' to disable
2024-03-23T18:58:41.706+05:30  INFO 3272 --- [restartedMain] .e.DevToolsPropertyDefaultsPostProcessor : For additional web related logging consider setting the 'logging.level.web' property to 'DEBUG'
2024-03-23T18:58:42.311+05:30  INFO 3272 --- [restartedMain] .s.d.r.c.RepositoryConfigurationDelegate : Bootstrapping Spring Data JPA repositories in DEFAULT mode.
2024-03-23T18:58:42.331+05:30  INFO 3272 --- [restartedMain] .s.d.r.c.RepositoryConfigurationDelegate : Finished Spring Data repository scanning in 14 ms. Found 0 JPA repository interfaces.
2024-03-23T18:58:42.883+05:30  INFO 3272 --- [restartedMain] o.s.b.w.embedded.tomcat.TomcatWebServer  : Tomcat initialized with port(s): 8080 (http)
2024-03-23T18:58:42.894+05:30  INFO 3272 --- [restartedMain] o.apache.catalina.core.StandardService   : Starting service [Tomcat]
2024-03-23T18:58:42.894+05:30  INFO 3272 --- [restartedMain] o.apache.catalina.core.StandardEngine    : Starting Servlet engine: [Apache Tomcat/10.1.13]
2024-03-23T18:58:42.980+05:30  INFO 3272 --- [restartedMain] o.a.c.c.C.[Tomcat].[localhost].[/]       : Initializing Spring embedded WebApplicationContext
2024-03-23T18:58:42.980+05:30  INFO 3272 --- [restartedMain] w.s.c.ServletWebServerApplicationContext : Root WebApplicationContext: initialization completed in 1273 ms
2024-03-23T18:58:43.139+05:30  INFO 3272 --- [restartedMain] o.hibernate.jpa.internal.util.LogHelper  : HHH000204: Processing PersistenceUnitInfo [name: default]
2024-03-23T18:58:43.229+05:30  INFO 3272 --- [restartedMain] org.hibernate.Version                    : HHH000412: Hibernate ORM core version 6.2.9.Final
2024-03-23T18:58:43.233+05:30  INFO 3272 --- [restartedMain] org.hibernate.cfg.Environment            : HHH000406: Using bytecode reflection optimizer
2024-03-23T18:58:43.404+05:30  INFO 3272 --- [restartedMain] o.h.b.i.BytecodeProviderInitiator        : HHH000021: Bytecode provider name : bytebuddy
2024-03-23T18:58:43.554+05:30  INFO 3272 --- [restartedMain] o.s.o.j.p.SpringPersistenceUnitInfo      : No LoadTimeWeaver setup: ignoring JPA class transformer
2024-03-23T18:58:43.571+05:30  INFO 3272 --- [restartedMain] com.zaxxer.hikari.HikariDataSource       : HikariPool-1 - Starting...
2024-03-23T18:58:43.840+05:30  INFO 3272 --- [restartedMain] com.zaxxer.hikari.pool.HikariPool        : HikariPool-1 - Added connection com.mysql.cj.jdbc.ConnectionImpl@1e856d84
2024-03-23T18:58:43.842+05:30  INFO 3272 --- [restartedMain] com.zaxxer.hikari.HikariDataSource       : HikariPool-1 - Start completed.
2024-03-23T18:58:43.897+05:30  WARN 3272 --- [restartedMain] org.hibernate.orm.deprecation            : HHH90000026: MySQL8Dialect has been deprecated; use org.hibernate.dialect.MySQLDialect instead
2024-03-23T18:58:44.356+05:30  INFO 3272 --- [restartedMain] o.h.b.i.BytecodeProviderInitiator        : HHH000021: Bytecode provider name : bytebuddy
2024-03-23T18:58:45.070+05:30  INFO 3272 --- [restartedMain] o.h.e.t.j.p.i.JtaPlatformInitiator       : HHH000490: Using JtaPlatform implementation: [org.hibernate.engine.transaction.jta.platform.internal.NoJtaPlatform]
2024-03-23T18:58:45.125+05:30  INFO 3272 --- [restartedMain] j.LocalContainerEntityManagerFactoryBean : Initialized JPA EntityManagerFactory for persistence unit 'default'
2024-03-23T18:58:45.132+05:30  INFO 3272 --- [restartedMain] f.a.AutowiredAnnotationBeanPostProcessor : Autowired annotation is not supported on static methods: public static void com.truYum.app.TruYumApplication.main(java.lang.String[])
2024-03-23T18:58:45.240+05:30  WARN 3272 --- [restartedMain] JpaBaseConfiguration$JpaWebConfiguration : spring.jpa.open-in-view is enabled by default. Therefore, database queries may be performed during view rendering. Explicitly configure spring.jpa.open-in-view to disable this warning
2024-03-23T18:58:45.467+05:30  WARN 3272 --- [restartedMain] ion$DefaultTemplateResolverConfiguration : Cannot find template location: classpath:/templates/ (please add some templates, check your Thymeleaf configuration, or set spring.thymeleaf.check-template-location=false)
2024-03-23T18:58:45.547+05:30  INFO 3272 --- [restartedMain] o.s.b.d.a.OptionalLiveReloadServer       : LiveReload server is running on port 35729
2024-03-23T18:58:45.590+05:30  INFO 3272 --- [restartedMain] o.s.b.w.embedded.tomcat.TomcatWebServer  : Tomcat started on port(s): 8080 (http) with context path ''
2024-03-23T18:58:45.600+05:30  INFO 3272 --- [restartedMain] com.truYum.app.TruYumApplication         : Started TruYumApplication in 4.529 seconds (process running for 5.526)
2024-03-23T18:58:52.893+05:30  INFO 3272 --- [http-nio-8080-exec-2] o.a.c.c.C.[Tomcat].[localhost].[/]       : Initializing Spring DispatcherServlet 'dispatcherServlet'
2024-03-23T18:58:52.893+05:30  INFO 3272 --- [http-nio-8080-exec-2] o.s.web.servlet.DispatcherServlet        : Initializing Servlet 'dispatcherServlet'
2024-03-23T18:58:52.893+05:30  INFO 3272 --- [http-nio-8080-exec-2] o.s.web.servlet.DispatcherServlet        : Completed initialization in 0 ms
2024-03-23T19:41:46.995+05:30  INFO 3272 --- [RMI TCP Connection(45)-127.0.0.1] inMXBeanRegistrar$SpringApplicationAdmin : Application shutdown requested.
2024-03-23T19:41:47.013+05:30  INFO 3272 --- [RMI TCP Connection(45)-127.0.0.1] o.apache.catalina.core.StandardService   : Stopping service [Tomcat]
2024-03-23T19:41:47.030+05:30  INFO 3272 --- [RMI TCP Connection(45)-127.0.0.1] o.a.c.c.C.[Tomcat].[localhost].[/]       : Destroying Spring FrameworkServlet 'dispatcherServlet'
2024-03-23T19:41:47.046+05:30  INFO 3272 --- [RMI TCP Connection(45)-127.0.0.1] j.LocalContainerEntityManagerFactoryBean : Closing JPA EntityManagerFactory for persistence unit 'default'
2024-03-23T19:41:47.046+05:30  INFO 3272 --- [RMI TCP Connection(45)-127.0.0.1] com.zaxxer.hikari.HikariDataSource       : HikariPool-1 - Shutdown initiated...
2024-03-23T19:41:47.060+05:30  INFO 3272 --- [RMI TCP Connection(45)-127.0.0.1] com.zaxxer.hikari.HikariDataSource       : HikariPool-1 - Shutdown completed.
